0 info it worked if it ends with ok
1 verbose cli [ 'D:\\Program Files\\nodejs\\node.exe',
1 verbose cli   'D:\\Program Files\\nodejs\\node_modules\\npm\\bin\\npm-cli.js',
1 verbose cli   'install',
1 verbose cli   '-g',
1 verbose cli   'ionic' ]
2 info using npm@3.3.12
3 info using node@v5.1.0
4 silly loadCurrentTree Starting
5 silly install loadCurrentTree
6 silly install readGlobalPackageData
7 silly fetchPackageMetaData ionic
8 silly fetchNamedPackageData ionic
9 silly mapToRegistry name ionic
10 silly mapToRegistry using default registry
11 silly mapToRegistry registry https://registry.npmjs.org/
12 silly mapToRegistry uri https://registry.npmjs.org/ionic
13 verbose request uri https://registry.npmjs.org/ionic
14 verbose request no auth needed
15 info attempt registry request try #1 at 12:31:24
16 verbose request id 0c887daf9315a35a
17 http request GET https://registry.npmjs.org/ionic
18 http 200 https://registry.npmjs.org/ionic
19 verbose headers { server: 'CouchDB/1.5.0 (Erlang OTP/R16B03)',
19 verbose headers   etag: '"AFVJRIS6MNWN6G7SEDJ0FEMAR"',
19 verbose headers   'content-type': 'application/json',
19 verbose headers   'content-encoding': 'gzip',
19 verbose headers   'cache-control': 'max-age=300',
19 verbose headers   'content-length': '67044',
19 verbose headers   'accept-ranges': 'bytes',
19 verbose headers   date: 'Sun, 16 Oct 2016 04:31:25 GMT',
19 verbose headers   via: '1.1 varnish',
19 verbose headers   age: '229',
19 verbose headers   connection: 'keep-alive',
19 verbose headers   'x-served-by': 'cache-ams4437-AMS',
19 verbose headers   'x-cache': 'HIT',
19 verbose headers   'x-cache-hits': '2',
19 verbose headers   'x-timer': 'S1476592285.783978,VS0,VE0',
19 verbose headers   vary: 'Accept-Encoding' }
20 silly get cb [ 200,
20 silly get   { server: 'CouchDB/1.5.0 (Erlang OTP/R16B03)',
20 silly get     etag: '"AFVJRIS6MNWN6G7SEDJ0FEMAR"',
20 silly get     'content-type': 'application/json',
20 silly get     'content-encoding': 'gzip',
20 silly get     'cache-control': 'max-age=300',
20 silly get     'content-length': '67044',
20 silly get     'accept-ranges': 'bytes',
20 silly get     date: 'Sun, 16 Oct 2016 04:31:25 GMT',
20 silly get     via: '1.1 varnish',
20 silly get     age: '229',
20 silly get     connection: 'keep-alive',
20 silly get     'x-served-by': 'cache-ams4437-AMS',
20 silly get     'x-cache': 'HIT',
20 silly get     'x-cache-hits': '2',
20 silly get     'x-timer': 'S1476592285.783978,VS0,VE0',
20 silly get     vary: 'Accept-Encoding' } ]
21 verbose get saving ionic to D:\Program Files\nodejs\node_cache\registry.npmjs.org\ionic\.cache.json
22 silly install normalizeTree
23 silly loadCurrentTree Finishing
24 silly loadIdealTree Starting
25 silly install loadIdealTree
26 silly cloneCurrentTree Starting
27 silly install cloneCurrentTreeToIdealTree
28 silly cloneCurrentTree Finishing
29 silly loadShrinkwrap Starting
30 silly install loadShrinkwrap
31 silly loadShrinkwrap Finishing
32 silly loadAllDepsIntoIdealTree Starting
33 silly install loadAllDepsIntoIdealTree
34 silly resolveWithNewModule ionic@2.1.1 checking installable status
35 silly cache add args [ 'ionic', null ]
36 verbose cache add spec ionic
37 silly cache add parsed spec Result {
37 silly cache add   raw: 'ionic',
37 silly cache add   scope: null,
37 silly cache add   name: 'ionic',
37 silly cache add   rawSpec: '',
37 silly cache add   spec: '*',
37 silly cache add   type: 'range' }
38 silly addNamed ionic@*
39 verbose addNamed "*" is a valid semver range for ionic
40 silly addNameRange { name: 'ionic', range: '*', hasData: false }
41 silly mapToRegistry name ionic
42 silly mapToRegistry using default registry
43 silly mapToRegistry registry https://registry.npmjs.org/
44 silly mapToRegistry uri https://registry.npmjs.org/ionic
45 verbose addNameRange registry:https://registry.npmjs.org/ionic not in flight; fetching
46 verbose request uri https://registry.npmjs.org/ionic
47 verbose request no auth needed
48 info attempt registry request try #1 at 12:31:40
49 verbose etag "AFVJRIS6MNWN6G7SEDJ0FEMAR"
50 http request GET https://registry.npmjs.org/ionic
51 http 304 https://registry.npmjs.org/ionic
52 verbose headers { date: 'Sun, 16 Oct 2016 04:31:41 GMT',
52 verbose headers   via: '1.1 varnish',
52 verbose headers   'cache-control': 'max-age=300',
52 verbose headers   etag: '"AFVJRIS6MNWN6G7SEDJ0FEMAR"',
52 verbose headers   age: '245',
52 verbose headers   connection: 'keep-alive',
52 verbose headers   'x-served-by': 'cache-ams4433-AMS',
52 verbose headers   'x-cache': 'HIT',
52 verbose headers   'x-cache-hits': '1',
52 verbose headers   'x-timer': 'S1476592301.468595,VS0,VE0',
52 verbose headers   vary: 'Accept-Encoding' }
53 silly get cb [ 304,
53 silly get   { date: 'Sun, 16 Oct 2016 04:31:41 GMT',
53 silly get     via: '1.1 varnish',
53 silly get     'cache-control': 'max-age=300',
53 silly get     etag: '"AFVJRIS6MNWN6G7SEDJ0FEMAR"',
53 silly get     age: '245',
53 silly get     connection: 'keep-alive',
53 silly get     'x-served-by': 'cache-ams4433-AMS',
53 silly get     'x-cache': 'HIT',
53 silly get     'x-cache-hits': '1',
53 silly get     'x-timer': 'S1476592301.468595,VS0,VE0',
53 silly get     vary: 'Accept-Encoding' } ]
54 verbose etag https://registry.npmjs.org/ionic from cache
55 verbose get saving ionic to D:\Program Files\nodejs\node_cache\registry.npmjs.org\ionic\.cache.json
56 silly addNameRange number 2 { name: 'ionic', range: '*', hasData: true }
57 silly addNameRange versions [ 'ionic',
57 silly addNameRange   [ '0.9.6',
57 silly addNameRange     '0.9.8',
57 silly addNameRange     '0.9.9',
57 silly addNameRange     '0.9.10',
57 silly addNameRange     '0.9.11',
57 silly addNameRange     '0.9.12',
57 silly addNameRange     '0.9.13',
57 silly addNameRange     '0.9.14',
57 silly addNameRange     '0.9.15',
57 silly addNameRange     '0.9.16',
57 silly addNameRange     '1.0.0-beta.1',
57 silly addNameRange     '1.0.0-beta',
57 silly addNameRange     '1.0.1-beta',
57 silly addNameRange     '1.0.3-beta',
57 silly addNameRange     '1.0.4',
57 silly addNameRange     '1.0.5',
57 silly addNameRange     '1.0.6',
57 silly addNameRange     '1.0.7',
57 silly addNameRange     '1.0.8',
57 silly addNameRange     '1.0.9',
57 silly addNameRange     '1.0.10',
57 silly addNameRange     '1.0.11',
57 silly addNameRange     '1.0.12',
57 silly addNameRange     '1.0.13',
57 silly addNameRange     '1.0.14',
57 silly addNameRange     '1.0.15',
57 silly addNameRange     '1.0.16',
57 silly addNameRange     '1.0.17',
57 silly addNameRange     '1.1.0-beta1',
57 silly addNameRange     '1.1.0-beta2',
57 silly addNameRange     '1.1.0-beta3',
57 silly addNameRange     '1.1.0-beta4',
57 silly addNameRange     '1.1.0-beta5',
57 silly addNameRange     '1.1.0-beta6',
57 silly addNameRange     '1.1.0',
57 silly addNameRange     '1.1.1-beta1',
57 silly addNameRange     '1.1.1-beta2',
57 silly addNameRange     '1.1.1-beta3',
57 silly addNameRange     '1.1.1',
57 silly addNameRange     '1.1.3',
57 silly addNameRange     '1.1.4',
57 silly addNameRange     '1.1.5-beta1',
57 silly addNameRange     '1.1.5-beta2',
57 silly addNameRange     '1.1.5-beta3',
57 silly addNameRange     '1.1.5-beta4',
57 silly addNameRange     '1.1.5-beta5',
57 silly addNameRange     '1.1.5',
57 silly addNameRange     '1.1.6',
57 silly addNameRange     '1.1.7-beta1',
57 silly addNameRange     '1.1.7',
57 silly addNameRange     '1.1.8-beta1',
57 silly addNameRange     '1.1.8-beta2',
57 silly addNameRange     '1.1.8-beta3',
57 silly addNameRange     '1.1.8-beta4',
57 silly addNameRange     '1.1.8-beta5',
57 silly addNameRange     '1.1.8',
57 silly addNameRange     '1.1.9-beta1',
57 silly addNameRange     '1.1.9',
57 silly addNameRange     '1.1.10',
57 silly addNameRange     '1.1.11-beta1',
57 silly addNameRange     '1.1.11-beta2',
57 silly addNameRange     '1.1.11',
57 silly addNameRange     '1.1.12-beta1',
57 silly addNameRange     '1.1.12-beta2',
57 silly addNameRange     '1.1.12-beta3',
57 silly addNameRange     '1.1.12',
57 silly addNameRange     '1.1.13',
57 silly addNameRange     '1.1.14-beta1',
57 silly addNameRange     '1.1.14-beta2',
57 silly addNameRange     '1.1.14-beta3',
57 silly addNameRange     '1.2.0-beta1',
57 silly addNameRange     '1.2.0',
57 silly addNameRange     '1.2.1-beta1',
57 silly addNameRange     '1.2.1-beta2',
57 silly addNameRange     '1.2.1-beta3',
57 silly addNameRange     '1.2.1-beta4',
57 silly addNameRange     '1.2.1',
57 silly addNameRange     '1.2.2',
57 silly addNameRange     '1.2.3-beta1',
57 silly addNameRange     '1.2.3-beta2',
57 silly addNameRange     '1.2.3-beta3',
57 silly addNameRange     '1.2.3',
57 silly addNameRange     '1.2.4-beta1',
57 silly addNameRange     '1.2.4-beta2',
57 silly addNameRange     '1.2.4-beta3',
57 silly addNameRange     '1.2.4',
57 silly addNameRange     '1.2.5-beta1',
57 silly addNameRange     '1.2.5-beta2',
57 silly addNameRange     '1.2.5-beta3',
57 silly addNameRange     '1.2.5',
57 silly addNameRange     '1.2.6-beta1',
57 silly addNameRange     '1.2.6-beta2',
57 silly addNameRange     '1.2.6-beta3',
57 silly addNameRange     '1.2.6',
57 silly addNameRange     '1.2.7',
57 silly addNameRange     '1.2.8-beta1',
57 silly addNameRange     '1.2.8-beta2',
57 silly addNameRange     '1.2.8',
57 silly addNameRange     '1.2.9',
57 silly addNameRange     '1.2.10',
57 silly addNameRange     '1.2.11',
57 silly addNameRange     '1.2.12',
57 silly addNameRange     '1.2.13',
57 silly addNameRange     '1.2.14-beta1',
57 silly addNameRange     '1.2.14-beta2',
57 silly addNameRange     '1.2.14-beta3',
57 silly addNameRange     '1.2.14-beta4',
57 silly addNameRange     '1.2.14-beta5',
57 silly addNameRange     '1.2.14-beta6',
57 silly addNameRange     '1.2.14',
57 silly addNameRange     '1.3.0-beta1',
57 silly addNameRange     '1.3.0',
57 silly addNameRange     '1.3.1',
57 silly addNameRange     '1.3.2',
57 silly addNameRange     '1.3.3',
57 silly addNameRange     '1.3.4',
57 silly addNameRange     '1.3.5',
57 silly addNameRange     '1.3.6',
57 silly addNameRange     '1.3.7',
57 silly addNameRange     '1.3.8',
57 silly addNameRange     '1.3.9',
57 silly addNameRange     '1.3.10',
57 silly addNameRange     '1.4.0-alpha.1',
57 silly addNameRange     '1.3.11',
57 silly addNameRange     '1.3.1-1.alpha.0',
57 silly addNameRange     '1.4.0-alpha.2',
57 silly addNameRange     '1.3.12',
57 silly addNameRange     '1.3.12-beta.1',
57 silly addNameRange     '1.3.12-beta.2',
57 silly addNameRange     '1.3.13-beta.0',
57 silly addNameRange     '1.3.1-3.beta.1',
57 silly addNameRange     '1.3.1-3.beta.2',
57 silly addNameRange     '1.3.13',
57 silly addNameRange     '1.3.1-3.beta.4',
57 silly addNameRange     '1.3.14-beta',
57 silly addNameRange     '1.3.14-beta.1',
57 silly addNameRange     '1.4.0-alpha.3',
57 silly addNameRange     '1.3.14',
57 silly addNameRange     '1.4.0-alpha.4',
57 silly addNameRange     '1.4.0-alpha.5',
57 silly addNameRange     '1.3.15-beta.0',
57 silly addNameRange     '1.3.15-beta.1',
57 silly addNameRange     '1.3.15-beta.2',
57 silly addNameRange     '1.3.15-beta.3',
57 silly addNameRange     '1.3.15-beta.4',
57 silly addNameRange     '1.3.15',
57 silly addNameRange     '1.3.16',
57 silly addNameRange     '1.4.0-alpha.6',
57 silly addNameRange     '1.3.17-beta.0',
57 silly addNameRange     '1.3.17-beta.1',
57 silly addNameRange     '1.3.17-beta.2',
57 silly addNameRange     '1.3.17-beta.3',
57 silly addNameRange     '1.3.1-7.beta.4',
57 silly addNameRange     '1.3.17',
57 silly addNameRange     '1.3.18-beta.0',
57 silly addNameRange     '1.3.18-beta.1',
57 silly addNameRange     '1.3.18-beta.2',
57 silly addNameRange     '1.3.18-beta.3',
57 silly addNameRange     '1.3.18',
57 silly addNameRange     '1.3.19-beta.0',
57 silly addNameRange     '1.3.19-beta.1',
57 silly addNameRange     '1.3.19-beta.2',
57 silly addNameRange     '1.3.19-beta.3',
57 silly addNameRange     '1.3.19-beta.4',
57 silly addNameRange     '1.3.19',
57 silly addNameRange     '1.3.20',
57 silly addNameRange     '1.4.1-beta.0',
57 silly addNameRange     '1.4.0-beta.1',
57 silly addNameRange     '1.4.0-beta.2',
57 silly addNameRange     '1.4.0-beta.3',
57 silly addNameRange     '1.4.0-beta.5',
57 silly addNameRange     '1.4.0-beta.6',
57 silly addNameRange     '1.4.0-beta.7',
57 silly addNameRange     '1.3.21-beta.0',
57 silly addNameRange     '1.3.21-beta.1',
57 silly addNameRange     '1.3.21',
57 silly addNameRange     '1.3.22',
57 silly addNameRange     '1.4.0-beta.8',
57 silly addNameRange     '1.4.0-beta.9',
57 silly addNameRange     '1.4.0-beta.10',
57 silly addNameRange     '1.4.0-beta.11',
57 silly addNameRange     '1.4.0-beta.12',
57 silly addNameRange     '1.4.0-beta.13',
57 silly addNameRange     '1.4.0-beta.14',
57 silly addNameRange     '1.4.0-beta.15',
57 silly addNameRange     '1.4.0-beta.16',
57 silly addNameRange     '1.4.0-beta.17',
57 silly addNameRange     '1.4.0-beta.18',
57 silly addNameRange     '1.4.0',
57 silly addNameRange     '1.4.1',
57 silly addNameRange     '1.4.2',
57 silly addNameRange     '1.4.3',
57 silly addNameRange     '1.4.4-beta.0',
57 silly addNameRange     '1.4.4-beta.2',
57 silly addNameRange     '1.4.4',
57 silly addNameRange     '1.4.5-beta.0',
57 silly addNameRange     '1.4.5-beta.1',
57 silly addNameRange     '1.4.5-beta.2',
57 silly addNameRange     '1.4.5-beta.3',
57 silly addNameRange     '1.4.5',
57 silly addNameRange     '1.4.6-beta.0',
57 silly addNameRange     '1.4.6',
57 silly addNameRange     '1.4.7',
57 silly addNameRange     '1.4.8',
57 silly addNameRange     '1.5.0-beta.0',
57 silly addNameRange     '1.5.0-beta.1',
57 silly addNameRange     '1.5.0',
57 silly addNameRange     '1.5.1-beta.0',
57 silly addNameRange     '1.5.1-beta.1',
57 silly addNameRange     '1.5.1-beta.2',
57 silly addNameRange     '1.5.1-beta.3',
57 silly addNameRange     '1.5.1-beta.4',
57 silly addNameRange     '1.5.1',
57 silly addNameRange     '1.5.2',
57 silly addNameRange     '1.5.3',
57 silly addNameRange     '1.5.4',
57 silly addNameRange     '1.5.5',
57 silly addNameRange     '1.6.0-beta.1',
57 silly addNameRange     '1.6.0',
57 silly addNameRange     '1.6.1',
57 silly addNameRange     '1.6.2-beta.0',
57 silly addNameRange     '1.6.2-beta.1',
57 silly addNameRange     '1.6.2-beta.2',
57 silly addNameRange     '1.6.2',
57 silly addNameRange     '1.6.3-beta.0',
57 silly addNameRange     '1.6.3-beta.1',
57 silly addNameRange     '1.6.3',
57 silly addNameRange     '1.6.4-beta.0',
57 silly addNameRange     '1.6.4-beta.1',
57 silly addNameRange     '1.6.4',
57 silly addNameRange     '1.7.0-beta.0',
57 silly addNameRange     '1.7.0-beta.1',
57 silly addNameRange     '1.7.0-beta.2',
57 silly addNameRange     '1.7.0-beta.3',
57 silly addNameRange     '2.0.0-alpha.1',
57 silly addNameRange     '2.0.0-alpha.3',
57 silly addNameRange     '1.7.0-beta.4',
57 silly addNameRange     '1.6.5-testing.0',
57 silly addNameRange     '1.6.5-testing.1',
57 silly addNameRange     '1.6.5-testing.2',
57 silly addNameRange     '1.6.5-testing.3',
57 silly addNameRange     '1.6.5',
57 silly addNameRange     '2.0.0-alpha.4',
57 silly addNameRange     '1.7.0-beta.5',
57 silly addNameRange     '1.7.0-beta.6',
57 silly addNameRange     '1.7.0',
57 silly addNameRange     '2.0.0-alpha.5',
57 silly addNameRange     '2.0.0-alpha.6',
57 silly addNameRange     '1.7.1',
57 silly addNameRange     '2.0.0-alpha.7',
57 silly addNameRange     '2.0.0-alpha.8',
57 silly addNameRange     '1.7.2',
57 silly addNameRange     '1.7.3',
57 silly addNameRange     '1.7.4',
57 silly addNameRange     '1.7.5',
57 silly addNameRange     '1.7.6',
57 silly addNameRange     '1.7.7-beta.0',
57 silly addNameRange     '2.0.0-alpha.9',
57 silly addNameRange     '1.7.7',
57 silly addNameRange     '2.0.0-alpha.10',
57 silly addNameRange     '2.0.0-alpha.11',
57 silly addNameRange     '2.0.0-alpha.12',
57 silly addNameRange     '2.0.0-alpha.13',
57 silly addNameRange     '2.0.0-alpha.14',
57 silly addNameRange     '2.0.0-alpha.15',
57 silly addNameRange     '2.0.0-alpha.16',
57 silly addNameRange     '2.0.0-alpha.17',
57 silly addNameRange     '2.0.0-alpha.18',
57 silly addNameRange     '1.7.8-beta.0',
57 silly addNameRange     '1.7.8-beta.1',
57 silly addNameRange     '1.7.8-beta.2',
57 silly addNameRange     '1.7.8-beta.3',
57 silly addNameRange     '1.7.8',
57 silly addNameRange     '2.0.0-alpha.19',
57 silly addNameRange     '2.0.0-alpha.20',
57 silly addNameRange     '2.0.0-alpha.21',
57 silly addNameRange     '2.0.0-alpha.22',
57 silly addNameRange     '2.0.0-alpha.23',
57 silly addNameRange     '1.7.9',
57 silly addNameRange     '1.7.10',
57 silly addNameRange     '2.0.0-alpha.24',
57 silly addNameRange     '2.0.0-alpha.25',
57 silly addNameRange     '2.0.0-beta.1',
57 silly addNameRange     '1.7.11',
57 silly addNameRange     '2.0.0-beta.2',
57 silly addNameRange     '2.0.0-beta.3',
57 silly addNameRange     '2.0.0-beta.4',
57 silly addNameRange     '2.0.0-beta.5',
57 silly addNameRange     '2.0.0-beta.6',
57 silly addNameRange     '2.0.0-beta.7',
57 silly addNameRange     '2.0.0-beta.8',
57 silly addNameRange     '2.0.0-beta.9',
57 silly addNameRange     '2.0.0-beta.10',
57 silly addNameRange     '2.0.0-beta.11',
57 silly addNameRange     '1.7.12',
57 silly addNameRange     '2.0.0-beta.12',
57 silly addNameRange     '2.0.0-beta.13',
57 silly addNameRange     '2.0.0-beta.14',
57 silly addNameRange     '2.0.0-beta.15',
57 silly addNameRange     '2.0.0-beta.16',
57 silly addNameRange     '2.0.0-beta.17',
57 silly addNameRange     '1.7.13',
57 silly addNameRange     '1.7.14',
57 silly addNameRange     '2.0.0-beta.18',
57 silly addNameRange     '2.0.0-beta.19',
57 silly addNameRange     '2.0.0-beta.20',
57 silly addNameRange     '2.0.0-beta.21',
57 silly addNameRange     '2.0.0-beta.22',
57 silly addNameRange     '2.0.0-beta.23',
57 silly addNameRange     '2.0.0-beta.24',
57 silly addNameRange     '2.0.0-beta.25',
57 silly addNameRange     '1.7.15-beta.0',
57 silly addNameRange     '1.7.15-beta.1',
57 silly addNameRange     '1.7.15-beta.2',
57 silly addNameRange     '1.7.15-beta.3',
57 silly addNameRange     '1.7.15',
57 silly addNameRange     '2.0.0-beta.26',
57 silly addNameRange     '2.0.0-beta.27',
57 silly addNameRange     '2.0.0-beta.28',
57 silly addNameRange     '2.0.0-beta.29',
57 silly addNameRange     '2.0.0-beta.30',
57 silly addNameRange     '2.0.0-beta.31',
57 silly addNameRange     '1.7.16',
57 silly addNameRange     '2.0.0-beta.32',
57 silly addNameRange     '2.0.0-beta.33',
57 silly addNameRange     '2.0.0-beta.34',
57 silly addNameRange     '2.0.0-beta.35',
57 silly addNameRange     '2.0.0-beta.36',
57 silly addNameRange     '2.0.0-beta.37',
57 silly addNameRange     '2.0.0',
57 silly addNameRange     '2.1.0-beta.0',
57 silly addNameRange     '2.1.0-beta.1',
57 silly addNameRange     '2.1.0-beta.2',
57 silly addNameRange     '2.1.0-beta.3',
57 silly addNameRange     '2.1.0',
57 silly addNameRange     '2.1.1' ] ]
58 silly addNamed ionic@2.1.1
59 verbose addNamed "2.1.1" is a plain semver version for ionic
60 silly mapToRegistry name ionic
61 silly mapToRegistry using default registry
62 silly mapToRegistry registry https://registry.npmjs.org/
63 silly mapToRegistry uri https://registry.npmjs.org/ionic
64 verbose addRemoteTarball https://registry.npmjs.org/ionic/-/ionic-2.1.1.tgz not in flight; adding
65 verbose addRemoteTarball [ 'https://registry.npmjs.org/ionic/-/ionic-2.1.1.tgz',
65 verbose addRemoteTarball   '7345b56915da2100a0efcd5257a4626848c4da80' ]
66 info retry fetch attempt 1 at 12:31:42
67 info attempt registry request try #1 at 12:31:42
68 http fetch GET https://registry.npmjs.org/ionic/-/ionic-2.1.1.tgz
69 http fetch 200 https://registry.npmjs.org/ionic/-/ionic-2.1.1.tgz
70 silly fetchAndShaCheck shasum 7345b56915da2100a0efcd5257a4626848c4da80
71 silly rollbackFailedOptional Starting
72 silly rollbackFailedOptional Finishing
73 silly runTopLevelLifecycles Starting
74 silly runTopLevelLifecycles Finishing
75 silly install printInstalled
76 verbose stack Error: shasum check failed for C:\Users\ADMINI~1\AppData\Local\Temp\npm-3360-6a5130f3\registry.npmjs.org\ionic\-\ionic-2.1.1.tgz
76 verbose stack Expected: 7345b56915da2100a0efcd5257a4626848c4da80
76 verbose stack Actual:   40ef4554523ccd65c2573d161c11ac198d2d3db6
76 verbose stack From:     https://registry.npmjs.org/ionic/-/ionic-2.1.1.tgz
76 verbose stack     at D:\Program Files\nodejs\node_modules\npm\node_modules\sha\index.js:25:8
76 verbose stack     at ReadStream.<anonymous> (D:\Program Files\nodejs\node_modules\npm\node_modules\sha\index.js:72:7)
76 verbose stack     at emitNone (events.js:72:20)
76 verbose stack     at ReadStream.emit (events.js:166:7)
76 verbose stack     at endReadableNT (_stream_readable.js:905:12)
76 verbose stack     at doNTCallback2 (node.js:452:9)
76 verbose stack     at process._tickCallback (node.js:366:17)
77 verbose cwd D:\ionicProject\meihun
78 error Windows_NT 6.1.7601
79 error argv "D:\\Program Files\\nodejs\\node.exe" "D:\\Program Files\\nodejs\\node_modules\\npm\\bin\\npm-cli.js" "install" "-g" "ionic"
80 error node v5.1.0
81 error npm  v3.3.12
82 error shasum check failed for C:\Users\ADMINI~1\AppData\Local\Temp\npm-3360-6a5130f3\registry.npmjs.org\ionic\-\ionic-2.1.1.tgz
82 error Expected: 7345b56915da2100a0efcd5257a4626848c4da80
82 error Actual:   40ef4554523ccd65c2573d161c11ac198d2d3db6
82 error From:     https://registry.npmjs.org/ionic/-/ionic-2.1.1.tgz
83 error If you need help, you may report this error at:
83 error     <https://github.com/npm/npm/issues>
84 verbose exit [ 1, true ]
